


ARM Macro Assembler    Page 1 


    1 00000000         ; Print.s
    2 00000000         ; Student names: change this to your names or look very 
                       silly
    3 00000000         ; Last modification date: 3/28/2017
    4 00000000         ; Runs on LM4F120 or TM4C123
    5 00000000         ; EE319K lab 7 device driver for any LCD
    6 00000000         ;
    7 00000000         ; As part of Lab 7, students need to implement these LCD
                       _OutDec and LCD_OutFix
    8 00000000         ; This driver assumes two low-level LCD functions
    9 00000000         ; ST7735_OutChar   outputs a single 8-bit ASCII characte
                       r
   10 00000000         ; ST7735_OutString outputs a null-terminated string 
   11 00000000         
   12 00000000                 IMPORT           ST7735_OutChar
   13 00000000                 IMPORT           ST7735_OutString
   14 00000000                 EXPORT           LCD_OutDec
   15 00000000                 EXPORT           LCD_OutFix
   16 00000000         
   17 00000000                 AREA             |.text|, CODE, READONLY, ALIGN=
2
   18 00000000                 THUMB
   19 00000000         
   20 00000000         
   21 00000000         
   22 00000000         ;-----------------------LCD_OutDec----------------------
                       -
   23 00000000         ; Output a 32-bit number in unsigned decimal format
   24 00000000         ; Input: R0 (call by value) 32-bit unsigned number
   25 00000000         ; Output: none
   26 00000000         ; Invariables: This function must not permanently modify
                        registers R4 to R11
   27 00000000         
   28 00000000         ;division algorithm: n = qd + r
   29 00000000         
   30 00000000         ;bindings
   31 00000000 FFFFFFF8 
                       divisor EQU              -8
   32 00000000         
   33 00000000         LCD_OutDec
   34 00000000         
   35 00000000 B501            PUSH             {R0,LR}
   36 00000002         
   37 00000002         ;allocation
   38 00000002 46EC            MOV              R12,SP
   39 00000004 B082            SUB              SP,#8
   40 00000006 F04F 030A       MOV              R3,#10
   41 0000000A F84C 3C08       STR              R3,[R12,#divisor]
   42 0000000E         
   43 0000000E         ;check parameter < 10
   44 0000000E 280A            CMP              R0,#10
   45 00000010 D30F            BLO              exit
   46 00000012         ;modulo param
   47 00000012 F85C 1C08       LDR              R1,[R12,#divisor]
   48 00000016 FBB0 F2F1       UDIV             R2,R0,R1    ;get floor quotient
                                                            
   49 0000001A FB02 F301       MUL              R3,R2,R1    ;quotient*divisor
   50 0000001E EBA0 0303       SUB              R3,R0,R3    ;R3 holds R0%10; qu
                                                            otient*divisor - di



ARM Macro Assembler    Page 2 


                                                            vidend
   51 00000022         
   52 00000022 E92D 1008       PUSH             {R3,R12}    ;push result on sta
                                                            ck 
   53 00000026         ;update param
   54 00000026 FBB0 F0F1       UDIV             R0,R1
   55 0000002A         ;recursive call 
   56 0000002A F7FF FFFE       BL               LCD_OutDec
   57 0000002E E8BD 1001       POP              {R0,R12}
   58 00000032         exit
   59 00000032 F100 0030       ADD              R0,#0x30
   60 00000036 F7FF FFFE       BL               ST7735_OutChar
   61 0000003A B002            ADD              SP,#8       ;deallocate var fro
                                                            m stack
   62 0000003C E8BD 4001       POP              {R0,LR}
   63 00000040 4770            BX               LR
   64 00000042         ;* * * * * * * * End of LCD_OutDec * * * * * * * *
   65 00000042         
   66 00000042         ; -----------------------LCD _OutFix--------------------
                       --
   67 00000042         ; Output characters to LCD display in fixed-point format
                       
   68 00000042         ; unsigned decimal, resolution 0.001, range 0.000 to 9.9
                       99
   69 00000042         ; Inputs:  R0 is an unsigned 32-bit number
   70 00000042         ; Outputs: none
   71 00000042         ; E.g., R0=0,    then output "0.000 "
   72 00000042         ;       R0=3,    then output "0.003 "
   73 00000042         ;       R0=89,   then output "0.089 "
   74 00000042         ;       R0=123,  then output "0.123 "
   75 00000042         ;       R0=9999, then output "9.999 "
   76 00000042         ;       R0>9999, then output "*.*** "
   77 00000042         ; Invariables: This function must not permanently modify
                        registers R4 to R11
   78 00000042         
   79 00000042 FFFFFFF8 
                       tempVar EQU              -8
   80 00000042         
   81 00000042         LCD_OutFix
   82 00000042         
   83 00000042 E92D 5801       PUSH             {R0,R11,R12,LR}
   84 00000046         
   85 00000046         ;allocation
   86 00000046 46EB            MOV              R11,SP
   87 00000048 B082            SUB              SP,#8
   88 0000004A F04F 030A       MOV              R3,#10
   89 0000004E F84B 3C08       STR              R3,[R11,#tempVar]
   90 00000052         
   91 00000052         ;check less than 9999
   92 00000052 F242 710F       LDR              R1,=9999
   93 00000056 4288            CMP              R0,R1
   94 00000058 D800            BHI              printStar
   95 0000005A E014            B                next
   96 0000005C         printStar
   97 0000005C         ;LDR R0,=fail
   98 0000005C         ;BL ST7735_OutString
   99 0000005C F04F 002A       MOV              R0, #"*"
  100 00000060 F7FF FFFE       BL               ST7735_OutChar
  101 00000064 F04F 002E       MOV              R0, #"."



ARM Macro Assembler    Page 3 


  102 00000068 F7FF FFFE       BL               ST7735_OutChar
  103 0000006C F04F 002A       MOV              R0, #"*"
  104 00000070 F7FF FFFE       BL               ST7735_OutChar
  105 00000074 F04F 002A       MOV              R0, #"*"
  106 00000078 F7FF FFFE       BL               ST7735_OutChar
  107 0000007C F04F 002A       MOV              R0, #"*"
  108 00000080 F7FF FFFE       BL               ST7735_OutChar
  109 00000084 E02F            B                reallyLeave
  110 00000086         
  111 00000086         ;check parameter < 10
  112 00000086         next
  113 00000086 F04F 0C04       MOV              R12,#4
  114 0000008A         ;modulo param
  115 0000008A         next2
  116 0000008A F1BC 0F00       CMP              R12,#0
  117 0000008E D00E            BEQ              leave
  118 00000090 F85B 1C08       LDR              R1,[R11,#tempVar]
  119 00000094 FBB0 F2F1       UDIV             R2,R0,R1    ;get floor quotient
                                                            
  120 00000098 FB02 F301       MUL              R3,R2,R1    ;quotient*divisor
  121 0000009C EBA0 0303       SUB              R3,R0,R3    ;R3 holds R0%10; qu
                                                            otient*divisor - di
                                                            vidend
  122 000000A0         
  123 000000A0 E92D 0808       PUSH             {R3,R11}    ;push result on sta
                                                            ck
  124 000000A4 F1AC 0C01       SUB              R12,#1
  125 000000A8 FBB0 F0F1       UDIV             R0,R1
  126 000000AC E7ED            B                next2
  127 000000AE         
  128 000000AE         leave
  129 000000AE         ;print out results (remember decimal point)
  130 000000AE E8BD 0801       POP              {R0,R11}
  131 000000B2 F100 0030       ADD              R0,#0x30
  132 000000B6 F7FF FFFE       BL               ST7735_OutChar
  133 000000BA F04F 002E       MOV              R0,#"."
  134 000000BE F7FF FFFE       BL               ST7735_OutChar
  135 000000C2 E8BD 0801       POP              {R0,R11}
  136 000000C6 F100 0030       ADD              R0,#0x30
  137 000000CA F7FF FFFE       BL               ST7735_OutChar
  138 000000CE E8BD 0801       POP              {R0,R11}
  139 000000D2 F100 0030       ADD              R0,#0x30
  140 000000D6 F7FF FFFE       BL               ST7735_OutChar
  141 000000DA E8BD 0801       POP              {R0,R11}
  142 000000DE F100 0030       ADD              R0,#0x30
  143 000000E2 F7FF FFFE       BL               ST7735_OutChar
  144 000000E6         
  145 000000E6         reallyLeave
  146 000000E6 B002            ADD              SP,#8       ;deallocate var fro
                                                            m stack
  147 000000E8 E8BD 5801       POP              {R0,R11,R12,LR}
  148 000000EC 4770            BX               LR
  149 000000EE         
  150 000000EE         
  151 000000EE 00 00           ALIGN
  152 000000F0         ;* * * * * * * * End of LCD_OutFix * * * * * * * *
  153 000000F0         
  154 000000F0                 ALIGN                        ; make sure the end
                                                             of this section is



ARM Macro Assembler    Page 4 


                                                             aligned
  155 000000F0                 END                          ; end of file
Command Line: --debug --xref --cpu=Cortex-M4 --apcs=interwork --depend=.\print.
d -o.\print.o -IC:\Keil\ARM\RV31\INC -IC:\Keil\ARM\CMSIS\Include -IC:\Keil\ARM\
Inc\Luminary --predefine="__EVAL SETA 1" --list=.\print.lst Print.s



ARM Macro Assembler    Page 1 Alphabetic symbol ordering
Relocatable symbols

.text 00000000

Symbol: .text
   Definitions
      At line 17 in file Print.s
   Uses
      None
Comment: .text unused
LCD_OutDec 00000000

Symbol: LCD_OutDec
   Definitions
      At line 33 in file Print.s
   Uses
      At line 14 in file Print.s
      At line 56 in file Print.s

LCD_OutFix 00000042

Symbol: LCD_OutFix
   Definitions
      At line 81 in file Print.s
   Uses
      At line 15 in file Print.s
Comment: LCD_OutFix used once
exit 00000032

Symbol: exit
   Definitions
      At line 58 in file Print.s
   Uses
      At line 45 in file Print.s
Comment: exit used once
leave 000000AE

Symbol: leave
   Definitions
      At line 128 in file Print.s
   Uses
      At line 117 in file Print.s
Comment: leave used once
next 00000086

Symbol: next
   Definitions
      At line 112 in file Print.s
   Uses
      At line 95 in file Print.s
Comment: next used once
next2 0000008A

Symbol: next2
   Definitions
      At line 115 in file Print.s
   Uses
      At line 126 in file Print.s
Comment: next2 used once
printStar 0000005C




ARM Macro Assembler    Page 2 Alphabetic symbol ordering
Relocatable symbols

Symbol: printStar
   Definitions
      At line 96 in file Print.s
   Uses
      At line 94 in file Print.s
Comment: printStar used once
reallyLeave 000000E6

Symbol: reallyLeave
   Definitions
      At line 145 in file Print.s
   Uses
      At line 109 in file Print.s
Comment: reallyLeave used once
9 symbols



ARM Macro Assembler    Page 1 Alphabetic symbol ordering
Absolute symbols

divisor FFFFFFF8

Symbol: divisor
   Definitions
      At line 31 in file Print.s
   Uses
      At line 41 in file Print.s
      At line 47 in file Print.s

tempVar FFFFFFF8

Symbol: tempVar
   Definitions
      At line 79 in file Print.s
   Uses
      At line 89 in file Print.s
      At line 118 in file Print.s

2 symbols



ARM Macro Assembler    Page 1 Alphabetic symbol ordering
External symbols

ST7735_OutChar 00000000

Symbol: ST7735_OutChar
   Definitions
      At line 12 in file Print.s
   Uses
      At line 60 in file Print.s
      At line 100 in file Print.s
      At line 102 in file Print.s
      At line 104 in file Print.s
      At line 106 in file Print.s
      At line 108 in file Print.s
      At line 132 in file Print.s
      At line 134 in file Print.s
      At line 137 in file Print.s
      At line 140 in file Print.s
      At line 143 in file Print.s

ST7735_OutString 00000000

Symbol: ST7735_OutString
   Definitions
      At line 13 in file Print.s
   Uses
      None
Comment: ST7735_OutString unused
2 symbols
344 symbols in table
